<?xml version="1.0" encoding="UTF-8"?>
<testsuite xmlns:xsi="http://www.w3.org/2001/XMLSchema-instance" xsi:noNamespaceSchemaLocation="https://maven.apache.org/surefire/maven-surefire-plugin/xsd/surefire-test-report.xsd" name="es.codeurjc.ais.IntermediateCaseTest" time="0.022" tests="10" errors="0" skipped="0" failures="0">
  <properties>
[...]
</properties>
  <testcase name="test10" classname="es.codeurjc.ais.IntermediateCaseTest" time="0.01"/>
  <testcase name="test11" classname="es.codeurjc.ais.IntermediateCaseTest" time="0"/>
  <testcase name="test12" classname="es.codeurjc.ais.IntermediateCaseTest" time="0.001"/>
  <testcase name="test13" classname="es.codeurjc.ais.IntermediateCaseTest" time="0"/>
  <testcase name="test14" classname="es.codeurjc.ais.IntermediateCaseTest" time="0"/>
  <testcase name="test15" classname="es.codeurjc.ais.IntermediateCaseTest" time="0.001"/>
  <testcase name="test16" classname="es.codeurjc.ais.IntermediateCaseTest" time="0"/>
  <testcase name="test17" classname="es.codeurjc.ais.IntermediateCaseTest" time="0.001"/>
  <testcase name="test8" classname="es.codeurjc.ais.IntermediateCaseTest" time="0"/>
  <testcase name="test9" classname="es.codeurjc.ais.IntermediateCaseTest" time="0"/>
</testsuite>